<?xml version="1.0" encoding="utf-8"?>
<testsuites>
  <testsuite name="Reuse the saved flower meadow studio" tests="1" failures="0" skipped="0" flakes="0" time="24.373">
    <testcase name="Load the exported fixture without rebuilding the scenery" classname="Reuse the saved flower meadow studio" time="24.373">
      <system-out>Attachment: smoke-attachment -&gt; smoke test attachment content
Attachment: studio-reloaded-fixture -&gt; /mnt/c/Users/nelim/Documents/rimworld/pickle-reports/screenshots/manual--studio-reloaded-fixture--step0.png
</system-out>
    </testcase>
  </testsuite>
</testsuites>