<?xml version="1.0" encoding="utf-8"?>
<testsuites>
  <testsuite name="Flower meadow screenshot studio" tests="1" failures="0" skipped="0" flakes="0" time="72.052">
    <testcase name="Build the meadow and verify that the studio survives a save reload" classname="Flower meadow screenshot studio" time="72.052">
      <system-out>Attachment: smoke-attachment -&gt; smoke test attachment content
Attachment: studio-overview-interface -&gt; /mnt/c/Users/nelim/Documents/rimworld/pickle-reports/screenshots/manual--studio-overview-interface--step0.png
Attachment: studio-overview -&gt; /mnt/c/Users/nelim/Documents/rimworld/pickle-reports/screenshots/manual--studio-overview--step0.png
Attachment: studio-emblem -&gt; /mnt/c/Users/nelim/Documents/rimworld/pickle-reports/screenshots/manual--studio-emblem--step0.png
Attachment: studio-workshop -&gt; /mnt/c/Users/nelim/Documents/rimworld/pickle-reports/screenshots/manual--studio-workshop--step0.png
Attachment: studio-kitchen -&gt; /mnt/c/Users/nelim/Documents/rimworld/pickle-reports/screenshots/manual--studio-kitchen--step0.png
Attachment: studio-home -&gt; /mnt/c/Users/nelim/Documents/rimworld/pickle-reports/screenshots/manual--studio-home--step0.png
Attachment: studio-display -&gt; /mnt/c/Users/nelim/Documents/rimworld/pickle-reports/screenshots/manual--studio-display--step0.png
Attachment: studio-flowers -&gt; /mnt/c/Users/nelim/Documents/rimworld/pickle-reports/screenshots/manual--studio-flowers--step0.png
</system-out>
    </testcase>
  </testsuite>
</testsuites>